<?xml version="1.0" encoding="UTF-8"?>
<coverage generated="1527773412602" clover="3.2.0">
  <project timestamp="1527773412602" name="All files">
    <metrics statements="37" coveredstatements="17" conditionals="3" coveredconditionals="0" methods="26" coveredmethods="8" elements="66" coveredelements="25" complexity="0" loc="37" ncloc="37" packages="2" files="4" classes="4">
      <package name="lib">
        <metrics statements="18" coveredstatements="7" conditionals="0" coveredconditionals="0" methods="13" coveredmethods="4"/>
        <file name="StateApi.js" path="/Users/andeladeveloper/Desktop/advanced-react/lib/StateApi.js">
          <metrics statements="18" coveredstatements="7" conditionals="0" coveredconditionals="0" methods="13" coveredmethods="4"/>
          <line num="3" count="1" type="stmt"/>
          <line num="9" count="1" type="stmt"/>
          <line num="10" count="1" type="stmt"/>
          <line num="14" count="2" type="stmt"/>
          <line num="15" count="9" type="stmt"/>
          <line num="16" count="9" type="stmt"/>
          <line num="20" count="0" type="stmt"/>
          <line num="23" count="0" type="stmt"/>
          <line num="27" count="0" type="stmt"/>
          <line num="29" count="0" type="stmt"/>
          <line num="32" count="2" type="stmt"/>
          <line num="36" count="0" type="stmt"/>
          <line num="37" count="0" type="stmt"/>
          <line num="38" count="0" type="stmt"/>
          <line num="42" count="0" type="stmt"/>
          <line num="43" count="0" type="stmt"/>
          <line num="49" count="0" type="stmt"/>
          <line num="51" count="0" type="stmt"/>
        </file>
      </package>
      <package name="lib.components">
        <metrics statements="19" coveredstatements="10" conditionals="3" coveredconditionals="0" methods="13" coveredmethods="4"/>
        <file name="Article.jsx" path="/Users/andeladeveloper/Desktop/advanced-react/lib/components/Article.jsx">
          <metrics statements="8" coveredstatements="6" conditionals="0" coveredconditionals="0" methods="3" coveredmethods="0"/>
          <line num="5" count="1" type="stmt"/>
          <line num="20" count="1" type="stmt"/>
          <line num="22" count="1" type="stmt"/>
          <line num="23" count="0" type="stmt"/>
          <line num="25" count="0" type="stmt"/>
          <line num="37" count="1" type="stmt"/>
          <line num="45" count="1" type="stmt"/>
          <line num="47" count="1" type="stmt"/>
        </file>
        <file name="ArticleList.jsx" path="/Users/andeladeveloper/Desktop/advanced-react/lib/components/ArticleList.jsx">
          <metrics statements="2" coveredstatements="2" conditionals="0" coveredconditionals="0" methods="2" coveredmethods="2"/>
          <line num="6" count="1" type="stmt"/>
          <line num="9" count="2" type="stmt"/>
        </file>
        <file name="storeProvider.js" path="/Users/andeladeveloper/Desktop/advanced-react/lib/components/storeProvider.js">
          <metrics statements="9" coveredstatements="2" conditionals="3" coveredconditionals="0" methods="8" coveredmethods="2"/>
          <line num="4" count="1" type="cond" truecount="0" falsecount="1"/>
          <line num="5" count="1" type="stmt"/>
          <line num="12" count="0" type="stmt"/>
          <line num="16" count="0" type="cond" truecount="0" falsecount="2"/>
          <line num="17" count="0" type="stmt"/>
          <line num="21" count="0" type="stmt"/>
          <line num="25" count="0" type="stmt"/>
          <line num="26" count="0" type="stmt"/>
          <line num="30" count="0" type="stmt"/>
        </file>
      </package>
    </metrics>
  </project>
</coverage>
